2024-02-10T15:49:24.230+05:00  INFO 14644 --- [main] com.example.Application                  : Starting Application using Java 18.0.1.1 with PID 14644 (D:\PROGRAMMING\flutter\flutter_projects\100k\100kBackEnd\target\classes started by sanja in D:\PROGRAMMING\flutter\flutter_projects\100k\100kBackEnd)
2024-02-10T15:49:24.235+05:00 DEBUG 14644 --- [main] com.example.Application                  : Running with Spring Boot v3.2.1, Spring v6.1.2
2024-02-10T15:49:24.236+05:00  INFO 14644 --- [main] com.example.Application                  : The following 1 profile is active: "local"
2024-02-10T15:49:26.121+05:00  INFO 14644 --- [main] .s.d.r.c.RepositoryConfigurationDelegate : Bootstrapping Spring Data JPA repositories in DEFAULT mode.
2024-02-10T15:49:26.184+05:00  INFO 14644 --- [main] .s.d.r.c.RepositoryConfigurationDelegate : Finished Spring Data repository scanning in 52 ms. Found 4 JPA repository interfaces.
2024-02-10T15:49:26.818+05:00  INFO 14644 --- [main] o.s.b.w.embedded.tomcat.TomcatWebServer  : Tomcat initialized with port 8080 (http)
2024-02-10T15:49:26.838+05:00  INFO 14644 --- [main] o.apache.catalina.core.StandardService   : Starting service [Tomcat]
2024-02-10T15:49:26.839+05:00  INFO 14644 --- [main] o.apache.catalina.core.StandardEngine    : Starting Servlet engine: [Apache Tomcat/10.1.17]
2024-02-10T15:49:26.932+05:00  INFO 14644 --- [main] o.a.c.c.C.[Tomcat].[localhost].[/]       : Initializing Spring embedded WebApplicationContext
2024-02-10T15:49:26.933+05:00  INFO 14644 --- [main] w.s.c.ServletWebServerApplicationContext : Root WebApplicationContext: initialization completed in 2652 ms
2024-02-10T15:49:27.103+05:00  INFO 14644 --- [main] o.hibernate.jpa.internal.util.LogHelper  : HHH000204: Processing PersistenceUnitInfo [name: default]
2024-02-10T15:49:27.187+05:00  INFO 14644 --- [main] org.hibernate.Version                    : HHH000412: Hibernate ORM core version 6.4.1.Final
2024-02-10T15:49:27.230+05:00  INFO 14644 --- [main] o.h.c.internal.RegionFactoryInitiator    : HHH000026: Second-level cache disabled
2024-02-10T15:49:27.557+05:00  INFO 14644 --- [main] o.s.o.j.p.SpringPersistenceUnitInfo      : No LoadTimeWeaver setup: ignoring JPA class transformer
2024-02-10T15:49:27.602+05:00  INFO 14644 --- [main] com.zaxxer.hikari.HikariDataSource       : HikariPool-1 - Starting...
2024-02-10T15:49:27.946+05:00  INFO 14644 --- [main] com.zaxxer.hikari.pool.HikariPool        : HikariPool-1 - Added connection org.postgresql.jdbc.PgConnection@7858d31d
2024-02-10T15:49:27.948+05:00  INFO 14644 --- [main] com.zaxxer.hikari.HikariDataSource       : HikariPool-1 - Start completed.
2024-02-10T15:49:30.044+05:00  INFO 14644 --- [main] o.h.e.t.j.p.i.JtaPlatformInitiator       : HHH000489: No JTA platform available (set 'hibernate.transaction.jta.platform' to enable JTA platform integration)
2024-02-10T15:49:30.911+05:00  INFO 14644 --- [main] j.LocalContainerEntityManagerFactoryBean : Initialized JPA EntityManagerFactory for persistence unit 'default'
2024-02-10T15:49:31.146+05:00  INFO 14644 --- [main] o.s.d.j.r.query.QueryEnhancerFactory     : Hibernate is in classpath; If applicable, HQL parser will be used.
2024-02-10T15:49:31.675+05:00 DEBUG 14644 --- [main] com.example.config.JWTTokenFilter        : Filter 'JWTTokenFilter' configured for use
2024-02-10T15:49:32.038+05:00  WARN 14644 --- [main] JpaBaseConfiguration$JpaWebConfiguration : spring.jpa.open-in-view is enabled by default. Therefore, database queries may be performed during view rendering. Explicitly configure spring.jpa.open-in-view to disable this warning
2024-02-10T15:49:32.436+05:00  INFO 14644 --- [main] o.s.s.web.DefaultSecurityFilterChain     : Will secure any request with [org.springframework.security.web.session.DisableEncodeUrlFilter@24c9a52a, org.springframework.security.web.context.request.async.WebAsyncManagerIntegrationFilter@55105271, org.springframework.security.web.context.SecurityContextHolderFilter@35c646b5, org.springframework.security.web.header.HeaderWriterFilter@4873c645, org.springframework.security.web.authentication.logout.LogoutFilter@657f1fc3, com.example.config.JWTTokenFilter@796687de, org.springframework.security.web.savedrequest.RequestCacheAwareFilter@6c07666f, org.springframework.security.web.servletapi.SecurityContextHolderAwareRequestFilter@349e166, org.springframework.security.web.authentication.AnonymousAuthenticationFilter@126a8548, org.springframework.security.web.access.ExceptionTranslationFilter@5fe5f2f0, org.springframework.security.web.access.intercept.AuthorizationFilter@71b01319]
2024-02-10T15:49:32.909+05:00  INFO 14644 --- [main] o.s.b.w.embedded.tomcat.TomcatWebServer  : Tomcat started on port 8080 (http) with context path ''
2024-02-10T15:49:32.920+05:00  INFO 14644 --- [main] com.example.Application                  : Started Application in 9.275 seconds (process running for 10.468)
2024-02-10T15:50:06.604+05:00  INFO 14644 --- [http-nio-8080-exec-1] o.a.c.c.C.[Tomcat].[localhost].[/]       : Initializing Spring DispatcherServlet 'dispatcherServlet'
2024-02-10T15:50:06.604+05:00  INFO 14644 --- [http-nio-8080-exec-1] o.s.web.servlet.DispatcherServlet        : Initializing Servlet 'dispatcherServlet'
2024-02-10T15:50:06.605+05:00  INFO 14644 --- [http-nio-8080-exec-1] o.s.web.servlet.DispatcherServlet        : Completed initialization in 1 ms
2024-02-10T15:50:07.038+05:00  INFO 14644 --- [http-nio-8080-exec-1] com.example.service.AuthService          : login: runnerpro1990@gmail.com
2024-02-10T17:08:47.802+05:00  WARN 14644 --- [HikariPool-1 housekeeper] com.zaxxer.hikari.pool.HikariPool        : HikariPool-1 - Thread starvation or clock leap detected (housekeeper delta=48m19s457ms19µs400ns).
2024-02-10T18:43:41.183+05:00  INFO 14644 --- [SpringApplicationShutdownHook] j.LocalContainerEntityManagerFactoryBean : Closing JPA EntityManagerFactory for persistence unit 'default'
2024-02-10T18:43:41.203+05:00  INFO 14644 --- [SpringApplicationShutdownHook] com.zaxxer.hikari.HikariDataSource       : HikariPool-1 - Shutdown initiated...
2024-02-10T18:43:41.210+05:00  INFO 14644 --- [SpringApplicationShutdownHook] com.zaxxer.hikari.HikariDataSource       : HikariPool-1 - Shutdown completed.
